2024-10-07 21:25:46.194 [main] INFO  org.example.Main - Пополнение счёте на сумму: 1000.0
2024-10-07 21:26:00.467 [main] INFO  org.example.Main - Пополнение счёте на сумму: 1000.0
2024-10-07 21:26:03.040 [main] INFO  org.example.Main - Просмотр банковского счёта
2024-10-07 21:42:55.944 [main] INFO  org.example.Main - Пополнение счёте на сумму: 1000.0
2024-10-07 21:47:45.838 [main] ERROR org.example.Main - Ошибка! Сумма пополнения не может быть отрицательной. - -1000.0
2024-10-10 09:27:11.182 [main] INFO  org.example.Main - Пополнение счёте на сумму: 1000.0
2024-10-10 09:27:19.818 [main] INFO  org.example.Main - Просмотр банковского счёта
2024-10-10 09:29:13.244 [main] INFO  org.example.Main - Пополнение счёте на сумму: 1000.0
2024-10-10 09:29:18.572 [main] INFO  org.example.Main - Пополнение счёте на сумму: 2000.0
2024-10-10 09:29:23.563 [main] INFO  org.example.Main - Просмотр банковского счёта
2024-10-10 09:29:42.438 [main] INFO  org.example.Main - Списание на сумму 1500.0 прошло успешно
2024-10-10 09:29:46.877 [main] INFO  org.example.Main - Просмотр банковского счёта
2024-10-10 15:53:14.666 [main] INFO  org.example.Main - Успешная регистрация аккаунта Банковский счёт
	пользователь: Тимур Цакулов
	баланс: 0.0
2024-10-10 15:53:21.632 [main] INFO  org.example.Main - Пополнение счёте на сумму: 1000.0
2024-10-10 15:53:26.295 [main] INFO  org.example.Main - Пополнение счёте на сумму: 5000.0
2024-10-10 15:53:29.999 [main] INFO  org.example.Main - Просмотр банковского счёта
2024-10-10 15:53:37.634 [main] INFO  org.example.Main - Списание на сумму 2000.0 прошло успешно
2024-10-10 15:53:39.069 [main] INFO  org.example.Main - Просмотр банковского счёта
2024-10-10 15:53:41.995 [main] INFO  org.example.Main - Просмотр истории транзакций
2024-10-10 15:56:33.622 [main] INFO  org.example.Main - Успешная регистрация аккаунта Банковский счёт
	пользователь: Без понятия
	баланс: 0.0
2024-10-10 15:58:05.107 [main] ERROR org.example.Main - Ошибка! Сумма пополнения была отрицательной - -2900.0
2024-10-10 15:58:24.477 [main] ERROR org.example.Main - Ошибка!Недостаточно средств на счету - 1000.0
2024-10-10 15:58:30.006 [main] INFO  org.example.Main - Просмотр банковского счёта
2024-10-10 15:58:36.492 [main] INFO  org.example.Main - Просмотр истории транзакций
